2026-02-15 13:00:50,803 | INFO | gsrd.pipeline.orchestrator | Running stage: data
2026-02-15 13:00:50,994 | INFO | gsrd.data.prepare | Saved dataset manifest to artifacts/eccv_grade_small/cache/datasets/dataset_manifest.json
2026-02-15 13:00:50,996 | INFO | gsrd.pipeline.orchestrator | Running stage: vocab
2026-02-15 13:00:51,035 | INFO | gsrd.vocab.generate | Generated vocabularies for toy_det -> artifacts/eccv_grade_small/cache/vocabs/toy_det_vocabs.json
2026-02-15 13:00:51,036 | INFO | gsrd.pipeline.orchestrator | Running stage: inference
2026-02-15 13:00:51,087 | INFO | gsrd.inference.runner | Dataset=toy_det | shard 0/1 has 24 images
2026-02-15 13:00:51,404 | INFO | gsrd.pipeline.orchestrator | Running stage: merge
2026-02-15 13:00:51,441 | INFO | gsrd.inference.cache | Merged 1 shards -> artifacts/eccv_grade_small/cache/predictions/mock/toy_det/coarse/1dff153c87c3/merged.jsonl.gz (24 rows)
2026-02-15 13:00:51,447 | INFO | gsrd.inference.cache | Merged 1 shards -> artifacts/eccv_grade_small/cache/predictions/mock/toy_det/coarse/2b5ea2c24c5b/merged.jsonl.gz (24 rows)
2026-02-15 13:00:51,451 | INFO | gsrd.inference.cache | Merged 1 shards -> artifacts/eccv_grade_small/cache/predictions/mock/toy_det/fine/6e90290caaca/merged.jsonl.gz (24 rows)
2026-02-15 13:00:51,455 | INFO | gsrd.inference.cache | Merged 1 shards -> artifacts/eccv_grade_small/cache/predictions/mock/toy_det/fine/80a9718ced4a/merged.jsonl.gz (24 rows)
2026-02-15 13:00:51,460 | INFO | gsrd.inference.cache | Merged 1 shards -> artifacts/eccv_grade_small/cache/predictions/mock/toy_det/mixed/582eef73297a/merged.jsonl.gz (24 rows)
2026-02-15 13:00:51,465 | INFO | gsrd.inference.cache | Merged 1 shards -> artifacts/eccv_grade_small/cache/predictions/mock/toy_det/mixed/efc6edc91192/merged.jsonl.gz (24 rows)
2026-02-15 13:00:51,469 | INFO | gsrd.inference.cache | Merged 1 shards -> artifacts/eccv_grade_small/cache/predictions/mock/toy_det/standard/90e6f0989452/merged.jsonl.gz (24 rows)
2026-02-15 13:00:51,473 | INFO | gsrd.inference.cache | Merged 1 shards -> artifacts/eccv_grade_small/cache/predictions/mock/toy_det/standard/df6d273a01d3/merged.jsonl.gz (24 rows)
2026-02-15 13:00:51,474 | INFO | gsrd.pipeline.orchestrator | Running stage: eval
2026-02-15 13:00:58,816 | INFO | gsrd.pipeline.orchestrator | Running stage: risk
2026-02-15 13:01:00,543 | INFO | gsrd.pipeline.orchestrator | Running stage: report
2026-02-15 13:01:04,277 | INFO | gsrd.reporting.generate | Report generated at artifacts/eccv_grade_small/outputs/report/final_report.md
2026-02-15 13:01:04,277 | INFO | __main__ | data -> 1 artifacts
2026-02-15 13:01:04,278 | INFO | __main__ | vocab -> 1 artifacts
2026-02-15 13:01:04,278 | INFO | __main__ | inference -> 8 artifacts
2026-02-15 13:01:04,278 | INFO | __main__ | merge -> 8 artifacts
2026-02-15 13:01:04,278 | INFO | __main__ | eval -> 7 artifacts
2026-02-15 13:01:04,278 | INFO | __main__ | risk -> 3 artifacts
2026-02-15 13:01:04,278 | INFO | __main__ | report -> 2 artifacts
