2026-02-15 12:48:45,931 | INFO | gsrd.pipeline.orchestrator | Running stage: data
2026-02-15 12:48:46,339 | INFO | gsrd.data.prepare | Saved dataset manifest to artifacts/cache/datasets/dataset_manifest.json
2026-02-15 12:48:46,340 | INFO | gsrd.pipeline.orchestrator | Running stage: vocab
2026-02-15 12:48:46,399 | INFO | gsrd.vocab.generate | Generated vocabularies for toy_det -> artifacts/cache/vocabs/toy_det_vocabs.json
2026-02-15 12:48:46,399 | INFO | gsrd.pipeline.orchestrator | Running stage: inference
2026-02-15 12:48:46,455 | INFO | gsrd.inference.runner | Dataset=toy_det | shard 0/1 has 24 images
2026-02-15 12:48:46,553 | INFO | gsrd.inference.runner | Skipping existing shard for toy_det/standard/df6d273a01d3
2026-02-15 12:48:46,766 | INFO | gsrd.inference.runner | Skipping existing shard for toy_det/fine/14e2bfec98a1
2026-02-15 12:48:46,921 | INFO | gsrd.pipeline.orchestrator | Running stage: merge
2026-02-15 12:48:46,967 | INFO | gsrd.inference.cache | Merged 1 shards -> artifacts/cache/predictions/mock/toy_det/coarse/0fc72fe0581d/merged.jsonl.gz (24 rows)
2026-02-15 12:48:46,972 | INFO | gsrd.inference.cache | Merged 1 shards -> artifacts/cache/predictions/mock/toy_det/coarse/1dff153c87c3/merged.jsonl.gz (24 rows)
2026-02-15 12:48:46,980 | INFO | gsrd.inference.cache | Merged 1 shards -> artifacts/cache/predictions/mock/toy_det/fine/14e2bfec98a1/merged.jsonl.gz (24 rows)
2026-02-15 12:48:46,985 | INFO | gsrd.inference.cache | Merged 1 shards -> artifacts/cache/predictions/mock/toy_det/mixed/0543f0e26ca1/merged.jsonl.gz (24 rows)
2026-02-15 12:48:46,990 | INFO | gsrd.inference.cache | Merged 1 shards -> artifacts/cache/predictions/mock/toy_det/mixed/189cca78d422/merged.jsonl.gz (24 rows)
2026-02-15 12:48:46,995 | INFO | gsrd.inference.cache | Merged 1 shards -> artifacts/cache/predictions/mock/toy_det/standard/df6d273a01d3/merged.jsonl.gz (24 rows)
2026-02-15 12:48:46,997 | INFO | __main__ | data -> 1 artifacts
2026-02-15 12:48:46,997 | INFO | __main__ | vocab -> 1 artifacts
2026-02-15 12:48:46,997 | INFO | __main__ | inference -> 6 artifacts
2026-02-15 12:48:46,997 | INFO | __main__ | merge -> 6 artifacts
2026-02-15 12:49:15,612 | INFO | gsrd.pipeline.orchestrator | Running stage: eval
2026-02-15 12:49:24,175 | INFO | gsrd.pipeline.orchestrator | Running stage: risk
2026-02-15 12:49:24,403 | INFO | gsrd.pipeline.orchestrator | Running stage: report
2026-02-15 12:49:30,827 | INFO | gsrd.reporting.generate | Report generated at artifacts/outputs/report/final_report.md
2026-02-15 12:49:30,828 | INFO | __main__ | eval -> 6 artifacts
2026-02-15 12:49:30,828 | INFO | __main__ | risk -> 2 artifacts
2026-02-15 12:49:30,828 | INFO | __main__ | report -> 2 artifacts
2026-02-15 12:50:25,893 | INFO | gsrd.pipeline.orchestrator | Running stage: inference
2026-02-15 12:50:26,009 | INFO | gsrd.inference.runner | Dataset=toy_det | shard 0/1 has 24 images
2026-02-15 12:50:26,009 | INFO | gsrd.inference.runner | Skipping existing shard for toy_det/standard/df6d273a01d3
2026-02-15 12:50:26,010 | INFO | gsrd.inference.runner | Skipping existing shard for toy_det/standard/df6d273a01d3
2026-02-15 12:50:26,010 | INFO | gsrd.inference.runner | Skipping existing shard for toy_det/coarse/0fc72fe0581d
2026-02-15 12:50:26,011 | INFO | gsrd.inference.runner | Skipping existing shard for toy_det/coarse/1dff153c87c3
2026-02-15 12:50:26,011 | INFO | gsrd.inference.runner | Skipping existing shard for toy_det/fine/14e2bfec98a1
2026-02-15 12:50:26,011 | INFO | gsrd.inference.runner | Skipping existing shard for toy_det/fine/14e2bfec98a1
2026-02-15 12:50:26,012 | INFO | gsrd.inference.runner | Skipping existing shard for toy_det/mixed/0543f0e26ca1
2026-02-15 12:50:26,013 | INFO | gsrd.inference.runner | Skipping existing shard for toy_det/mixed/189cca78d422
2026-02-15 12:50:26,017 | INFO | __main__ | inference -> 0 artifacts
