2026-02-15 13:42:44,566 | INFO | gsrd.pipeline.orchestrator | Running stage: data
2026-02-15 13:42:45,113 | INFO | gsrd.data.prepare | Saved dataset manifest to artifacts/local_bigger_v8/cache/datasets/dataset_manifest.json
2026-02-15 13:42:45,114 | INFO | gsrd.pipeline.orchestrator | Running stage: vocab
2026-02-15 13:42:45,125 | INFO | gsrd.vocab.generate | Generated vocabularies for toy_det -> artifacts/local_bigger_v8/cache/vocabs/toy_det_vocabs.json
2026-02-15 13:42:45,125 | INFO | gsrd.pipeline.orchestrator | Running stage: inference
2026-02-15 13:42:45,135 | INFO | gsrd.inference.runner | Dataset=toy_det | shard 0/1 has 320 images
2026-02-15 13:43:37,011 | INFO | gsrd.pipeline.orchestrator | Running stage: merge
2026-02-15 13:43:37,030 | INFO | gsrd.inference.cache | Merged 1 shards -> artifacts/local_bigger_v8/cache/predictions/mock/toy_det/coarse/34774e738af0/merged.jsonl.gz (320 rows)
2026-02-15 13:43:37,039 | INFO | gsrd.inference.cache | Merged 1 shards -> artifacts/local_bigger_v8/cache/predictions/mock/toy_det/coarse/4d7ee6fae11a/merged.jsonl.gz (320 rows)
2026-02-15 13:43:37,049 | INFO | gsrd.inference.cache | Merged 1 shards -> artifacts/local_bigger_v8/cache/predictions/mock/toy_det/coarse/b7ebae40e614/merged.jsonl.gz (320 rows)
2026-02-15 13:43:37,058 | INFO | gsrd.inference.cache | Merged 1 shards -> artifacts/local_bigger_v8/cache/predictions/mock/toy_det/coarse/b80fad14635d/merged.jsonl.gz (320 rows)
2026-02-15 13:43:37,069 | INFO | gsrd.inference.cache | Merged 1 shards -> artifacts/local_bigger_v8/cache/predictions/mock/toy_det/coarse/b89220f73603/merged.jsonl.gz (320 rows)
2026-02-15 13:43:37,078 | INFO | gsrd.inference.cache | Merged 1 shards -> artifacts/local_bigger_v8/cache/predictions/mock/toy_det/coarse/bd237371f3f3/merged.jsonl.gz (320 rows)
2026-02-15 13:43:37,089 | INFO | gsrd.inference.cache | Merged 1 shards -> artifacts/local_bigger_v8/cache/predictions/mock/toy_det/counterfactual/0f928b030b4a/merged.jsonl.gz (320 rows)
2026-02-15 13:43:37,101 | INFO | gsrd.inference.cache | Merged 1 shards -> artifacts/local_bigger_v8/cache/predictions/mock/toy_det/counterfactual/62bb72cf3cdb/merged.jsonl.gz (320 rows)
2026-02-15 13:43:37,112 | INFO | gsrd.inference.cache | Merged 1 shards -> artifacts/local_bigger_v8/cache/predictions/mock/toy_det/counterfactual/c514a1b5fc98/merged.jsonl.gz (320 rows)
2026-02-15 13:43:37,146 | INFO | gsrd.inference.cache | Merged 1 shards -> artifacts/local_bigger_v8/cache/predictions/mock/toy_det/fine/0d202ebee3c7/merged.jsonl.gz (320 rows)
2026-02-15 13:43:37,157 | INFO | gsrd.inference.cache | Merged 1 shards -> artifacts/local_bigger_v8/cache/predictions/mock/toy_det/fine/3ec724496c17/merged.jsonl.gz (320 rows)
2026-02-15 13:43:37,168 | INFO | gsrd.inference.cache | Merged 1 shards -> artifacts/local_bigger_v8/cache/predictions/mock/toy_det/fine/4bbc6ade0721/merged.jsonl.gz (320 rows)
2026-02-15 13:43:37,178 | INFO | gsrd.inference.cache | Merged 1 shards -> artifacts/local_bigger_v8/cache/predictions/mock/toy_det/fine/88a50b52ee79/merged.jsonl.gz (320 rows)
2026-02-15 13:43:37,189 | INFO | gsrd.inference.cache | Merged 1 shards -> artifacts/local_bigger_v8/cache/predictions/mock/toy_det/fine/b6eaf3646ace/merged.jsonl.gz (320 rows)
2026-02-15 13:43:37,200 | INFO | gsrd.inference.cache | Merged 1 shards -> artifacts/local_bigger_v8/cache/predictions/mock/toy_det/fine/f5ad5a73ce48/merged.jsonl.gz (320 rows)
2026-02-15 13:43:37,210 | INFO | gsrd.inference.cache | Merged 1 shards -> artifacts/local_bigger_v8/cache/predictions/mock/toy_det/mixed/36c973acf481/merged.jsonl.gz (320 rows)
2026-02-15 13:43:37,221 | INFO | gsrd.inference.cache | Merged 1 shards -> artifacts/local_bigger_v8/cache/predictions/mock/toy_det/mixed/42d4024467d3/merged.jsonl.gz (320 rows)
2026-02-15 13:43:37,232 | INFO | gsrd.inference.cache | Merged 1 shards -> artifacts/local_bigger_v8/cache/predictions/mock/toy_det/mixed/699f7565023d/merged.jsonl.gz (320 rows)
2026-02-15 13:43:37,243 | INFO | gsrd.inference.cache | Merged 1 shards -> artifacts/local_bigger_v8/cache/predictions/mock/toy_det/mixed/81f05b86a326/merged.jsonl.gz (320 rows)
2026-02-15 13:43:37,252 | INFO | gsrd.inference.cache | Merged 1 shards -> artifacts/local_bigger_v8/cache/predictions/mock/toy_det/mixed/dd59b7531539/merged.jsonl.gz (320 rows)
2026-02-15 13:43:37,260 | INFO | gsrd.inference.cache | Merged 1 shards -> artifacts/local_bigger_v8/cache/predictions/mock/toy_det/mixed/e7e68713528e/merged.jsonl.gz (320 rows)
2026-02-15 13:43:37,271 | INFO | gsrd.inference.cache | Merged 1 shards -> artifacts/local_bigger_v8/cache/predictions/mock/toy_det/standard/358cbe6de20b/merged.jsonl.gz (320 rows)
2026-02-15 13:43:37,282 | INFO | gsrd.inference.cache | Merged 1 shards -> artifacts/local_bigger_v8/cache/predictions/mock/toy_det/standard/64064c71cf12/merged.jsonl.gz (320 rows)
2026-02-15 13:43:37,293 | INFO | gsrd.inference.cache | Merged 1 shards -> artifacts/local_bigger_v8/cache/predictions/mock/toy_det/standard/8ac34aee5ca6/merged.jsonl.gz (320 rows)
2026-02-15 13:43:37,304 | INFO | gsrd.inference.cache | Merged 1 shards -> artifacts/local_bigger_v8/cache/predictions/mock/toy_det/standard/d3e2969a35fd/merged.jsonl.gz (320 rows)
2026-02-15 13:43:37,316 | INFO | gsrd.inference.cache | Merged 1 shards -> artifacts/local_bigger_v8/cache/predictions/mock/toy_det/standard/e0cbbce27746/merged.jsonl.gz (320 rows)
2026-02-15 13:43:37,327 | INFO | gsrd.inference.cache | Merged 1 shards -> artifacts/local_bigger_v8/cache/predictions/mock/toy_det/standard/f79f2d6604ed/merged.jsonl.gz (320 rows)
2026-02-15 13:43:37,327 | INFO | gsrd.pipeline.orchestrator | Running stage: eval
2026-02-15 13:44:44,989 | INFO | gsrd.pipeline.orchestrator | Running stage: risk
2026-02-15 13:44:49,119 | INFO | gsrd.pipeline.orchestrator | Running stage: report
2026-02-15 13:44:53,072 | INFO | gsrd.reporting.generate | Report generated at artifacts/local_bigger_v8/outputs/report/final_report.md
2026-02-15 13:44:53,072 | INFO | __main__ | data -> 1 artifacts
2026-02-15 13:44:53,072 | INFO | __main__ | vocab -> 1 artifacts
2026-02-15 13:44:53,072 | INFO | __main__ | inference -> 27 artifacts
2026-02-15 13:44:53,072 | INFO | __main__ | merge -> 27 artifacts
2026-02-15 13:44:53,072 | INFO | __main__ | eval -> 8 artifacts
2026-02-15 13:44:53,072 | INFO | __main__ | risk -> 3 artifacts
2026-02-15 13:44:53,072 | INFO | __main__ | report -> 2 artifacts
